<?xml version="1.0" encoding="UTF-8"?>
<!-- Generated by org.testng.reporters.JUnitReportReporter -->
<testsuite hostname="LAPTOP-N8VA847G" failures="0" tests="1" name="Cucumber.Practice.AppTest" time="0.010" errors="0" timestamp="2022-09-20T09:06:07 IST" skipped="0">
  <testcase classname="Cucumber.Practice.AppTest" name="shouldAnswerWithTrue" time="0.010"/>
  <system-out/>
</testsuite> <!-- Cucumber.Practice.AppTest -->
