<?xml version="1.0" encoding="UTF-8"?>
<!-- Generated by org.testng.reporters.JUnitReportReporter -->
<testsuite hostname="LAPTOP-N8VA847G" failures="0" tests="2"
	name="testng.com.SimpleAnnotations" time="0.012" errors="0"
	timestamp="2022-08-30T22:07:18 IST" skipped="0">
	<testcase classname="testng.com.SimpleAnnotations"
		name="BasicDetails" time="0.003" />
	<system-out />
	<testcase classname="testng.com.SimpleAnnotations"
		name="CoverDetails" time="0.009" />
	<system-out />
</testsuite> <!-- testng.com.SimpleAnnotations -->
