<?xml version="1.0" encoding="UTF-8"?>
<!-- Generated by org.testng.reporters.JUnitReportReporter -->
<testsuite hostname="LAPTOP-N8VA847G" failures="0" tests="1"
	name="testng.com.Demo2" time="0.014" errors="0"
	timestamp="2022-08-24T07:59:21 IST" skipped="0">
	<testcase classname="testng.com.Demo2" name="kumar"
		time="0.014" />
	<system-out />
</testsuite> <!-- testng.com.Demo2 -->
